{"D:\\Programmes\\JAVA_projects\\customDBJS\\Table.js": {"path":"D:\\Programmes\\JAVA_projects\\customDBJS\\Table.js","statementMap":{"0":{"start":{"line":1,"column":23},"end":{"line":1,"column":38}},"1":{"start":{"line":2,"column":11},"end":{"line":2,"column":24}},"2":{"start":{"line":3,"column":31},"end":{"line":3,"column":73}},"3":{"start":{"line":5,"column":0},"end":{"line":51,"column":2}},"4":{"start":{"line":7,"column":4},"end":{"line":7,"column":31}},"5":{"start":{"line":10,"column":4},"end":{"line":10,"column":41}},"6":{"start":{"line":15,"column":25},"end":{"line":15,"column":53}},"7":{"start":{"line":17,"column":4},"end":{"line":36,"column":7}},"8":{"start":{"line":18,"column":6},"end":{"line":35,"column":11}},"9":{"start":{"line":20,"column":10},"end":{"line":24,"column":11}},"10":{"start":{"line":21,"column":12},"end":{"line":21,"column":22}},"11":{"start":{"line":23,"column":12},"end":{"line":23,"column":22}},"12":{"start":{"line":27,"column":10},"end":{"line":34,"column":12}},"13":{"start":{"line":31,"column":14},"end":{"line":31,"column":46}},"14":{"start":{"line":31,"column":25},"end":{"line":31,"column":46}},"15":{"start":{"line":32,"column":14},"end":{"line":32,"column":36}},"16":{"start":{"line":42,"column":4},"end":{"line":49,"column":7}},"17":{"start":{"line":43,"column":6},"end":{"line":48,"column":9}},"18":{"start":{"line":45,"column":8},"end":{"line":45,"column":77}},"19":{"start":{"line":45,"column":19},"end":{"line":45,"column":77}},"20":{"start":{"line":47,"column":8},"end":{"line":47,"column":34}}},"fnMap":{"0":{"name":"(anonymous_0)","decl":{"start":{"line":6,"column":2},"end":{"line":6,"column":3}},"loc":{"start":{"line":6,"column":25},"end":{"line":8,"column":3}},"line":6},"1":{"name":"(anonymous_1)","decl":{"start":{"line":9,"column":2},"end":{"line":9,"column":3}},"loc":{"start":{"line":9,"column":17},"end":{"line":11,"column":3}},"line":9},"2":{"name":"(anonymous_2)","decl":{"start":{"line":13,"column":2},"end":{"line":13,"column":3}},"loc":{"start":{"line":13,"column":23},"end":{"line":40,"column":3}},"line":13},"3":{"name":"(anonymous_3)","decl":{"start":{"line":17,"column":23},"end":{"line":17,"column":24}},"loc":{"start":{"line":17,"column":44},"end":{"line":36,"column":5}},"line":17},"4":{"name":"(anonymous_4)","decl":{"start":{"line":19,"column":15},"end":{"line":19,"column":16}},"loc":{"start":{"line":19,"column":22},"end":{"line":25,"column":9}},"line":19},"5":{"name":"(anonymous_5)","decl":{"start":{"line":26,"column":14},"end":{"line":26,"column":15}},"loc":{"start":{"line":26,"column":24},"end":{"line":35,"column":9}},"line":26},"6":{"name":"(anonymous_6)","decl":{"start":{"line":30,"column":12},"end":{"line":30,"column":13}},"loc":{"start":{"line":30,"column":23},"end":{"line":33,"column":13}},"line":30},"7":{"name":"(anonymous_7)","decl":{"start":{"line":41,"column":2},"end":{"line":41,"column":3}},"loc":{"start":{"line":41,"column":13},"end":{"line":50,"column":3}},"line":41},"8":{"name":"(anonymous_8)","decl":{"start":{"line":42,"column":23},"end":{"line":42,"column":24}},"loc":{"start":{"line":42,"column":44},"end":{"line":49,"column":5}},"line":42},"9":{"name":"(anonymous_9)","decl":{"start":{"line":43,"column":33},"end":{"line":43,"column":34}},"loc":{"start":{"line":43,"column":50},"end":{"line":48,"column":7}},"line":43}},"branchMap":{"0":{"loc":{"start":{"line":20,"column":10},"end":{"line":24,"column":11}},"type":"if","locations":[{"start":{"line":20,"column":10},"end":{"line":24,"column":11}},{"start":{"line":22,"column":17},"end":{"line":24,"column":11}}],"line":20},"1":{"loc":{"start":{"line":31,"column":14},"end":{"line":31,"column":46}},"type":"if","locations":[{"start":{"line":31,"column":14},"end":{"line":31,"column":46}},{"start":{},"end":{}}],"line":31},"2":{"loc":{"start":{"line":45,"column":8},"end":{"line":45,"column":77}},"type":"if","locations":[{"start":{"line":45,"column":8},"end":{"line":45,"column":77}},{"start":{},"end":{}}],"line":45}},"s":{"0":1,"1":1,"2":1,"3":1,"4":2,"5":0,"6":0,"7":0,"8":0,"9":0,"10":0,"11":0,"12":0,"13":0,"14":0,"15":0,"16":0,"17":0,"18":0,"19":0,"20":0},"f":{"0":2,"1":0,"2":0,"3":0,"4":0,"5":0,"6":0,"7":0,"8":0,"9":0},"b":{"0":[0,0],"1":[0,0],"2":[0,0]},"_coverageSchema":"1a1c01bbd47fc00a2c39e90264f33305004495a9","hash":"c502775f5121f6f10819986cbee44c6d94f4bf01"}
,"D:\\Programmes\\JAVA_projects\\customDBJS\\commands\\InsertCommand.js": {"path":"D:\\Programmes\\JAVA_projects\\customDBJS\\commands\\InsertCommand.js","statementMap":{"0":{"start":{"line":1,"column":14},"end":{"line":1,"column":33}},"1":{"start":{"line":2,"column":0},"end":{"line":10,"column":2}},"2":{"start":{"line":4,"column":4},"end":{"line":4,"column":25}},"3":{"start":{"line":5,"column":4},"end":{"line":5,"column":38}},"4":{"start":{"line":8,"column":4},"end":{"line":8,"column":54}}},"fnMap":{"0":{"name":"(anonymous_0)","decl":{"start":{"line":3,"column":2},"end":{"line":3,"column":3}},"loc":{"start":{"line":3,"column":37},"end":{"line":6,"column":3}},"line":3},"1":{"name":"(anonymous_1)","decl":{"start":{"line":7,"column":2},"end":{"line":7,"column":3}},"loc":{"start":{"line":7,"column":18},"end":{"line":9,"column":3}},"line":7}},"branchMap":{},"s":{"0":1,"1":1,"2":2,"3":2,"4":0},"f":{"0":2,"1":0},"b":{},"_coverageSchema":"1a1c01bbd47fc00a2c39e90264f33305004495a9","hash":"d148568ef2cf638a85a10d4fcea794f141e9768c"}
,"D:\\Programmes\\JAVA_projects\\customDBJS\\errors\\TableDoesNotExistError.js": {"path":"D:\\Programmes\\JAVA_projects\\customDBJS\\errors\\TableDoesNotExistError.js","statementMap":{"0":{"start":{"line":1,"column":0},"end":{"line":7,"column":2}},"1":{"start":{"line":3,"column":4},"end":{"line":3,"column":21}},"2":{"start":{"line":5,"column":4},"end":{"line":5,"column":41}}},"fnMap":{"0":{"name":"(anonymous_0)","decl":{"start":{"line":2,"column":2},"end":{"line":2,"column":3}},"loc":{"start":{"line":2,"column":25},"end":{"line":6,"column":3}},"line":2}},"branchMap":{},"s":{"0":1,"1":0,"2":0},"f":{"0":0},"b":{},"_coverageSchema":"1a1c01bbd47fc00a2c39e90264f33305004495a9","hash":"0c20de977322347ef17ef172127f6805be8c5ac8"}
,"D:\\Programmes\\JAVA_projects\\customDBJS\\parsers\\insert.js": {"path":"D:\\Programmes\\JAVA_projects\\customDBJS\\parsers\\insert.js","statementMap":{"0":{"start":{"line":1,"column":22},"end":{"line":1,"column":58}},"1":{"start":{"line":5,"column":23},"end":{"line":5,"column":31}},"2":{"start":{"line":6,"column":29},"end":{"line":6,"column":35}},"3":{"start":{"line":7,"column":14},"end":{"line":9,"column":1}},"4":{"start":{"line":12,"column":21},"end":{"line":12,"column":47}},"5":{"start":{"line":14,"column":2},"end":{"line":14,"column":33}},"6":{"start":{"line":14,"column":26},"end":{"line":14,"column":33}},"7":{"start":{"line":15,"column":17},"end":{"line":15,"column":56}},"8":{"start":{"line":16,"column":20},"end":{"line":16,"column":47}},"9":{"start":{"line":17,"column":2},"end":{"line":17,"column":49}},"10":{"start":{"line":17,"column":42},"end":{"line":17,"column":49}},"11":{"start":{"line":18,"column":2},"end":{"line":18,"column":50}},"12":{"start":{"line":22,"column":0},"end":{"line":28,"column":2}},"13":{"start":{"line":23,"column":2},"end":{"line":27,"column":3}},"14":{"start":{"line":24,"column":4},"end":{"line":24,"column":30}},"15":{"start":{"line":26,"column":4},"end":{"line":26,"column":11}},"16":{"start":{"line":30,"column":0},"end":{"line":30,"column":36}}},"fnMap":{"0":{"name":"parseInsertCommand","decl":{"start":{"line":11,"column":9},"end":{"line":11,"column":27}},"loc":{"start":{"line":11,"column":43},"end":{"line":19,"column":1}},"line":11},"1":{"name":"(anonymous_1)","decl":{"start":{"line":22,"column":16},"end":{"line":22,"column":17}},"loc":{"start":{"line":22,"column":28},"end":{"line":28,"column":1}},"line":22}},"branchMap":{"0":{"loc":{"start":{"line":14,"column":2},"end":{"line":14,"column":33}},"type":"if","locations":[{"start":{"line":14,"column":2},"end":{"line":14,"column":33}},{"start":{},"end":{}}],"line":14},"1":{"loc":{"start":{"line":17,"column":2},"end":{"line":17,"column":49}},"type":"if","locations":[{"start":{"line":17,"column":2},"end":{"line":17,"column":49}},{"start":{},"end":{}}],"line":17},"2":{"loc":{"start":{"line":17,"column":6},"end":{"line":17,"column":40}},"type":"binary-expr","locations":[{"start":{"line":17,"column":6},"end":{"line":17,"column":20}},{"start":{"line":17,"column":24},"end":{"line":17,"column":40}}],"line":17}},"s":{"0":1,"1":1,"2":1,"3":1,"4":6,"5":6,"6":3,"7":3,"8":3,"9":3,"10":1,"11":2,"12":1,"13":3,"14":3,"15":1,"16":1},"f":{"0":6,"1":3},"b":{"0":[3,3],"1":[1,2],"2":[3,2]},"_coverageSchema":"1a1c01bbd47fc00a2c39e90264f33305004495a9","hash":"1b7f7d4c6b0a777754241d880907dc13b0520913"}
}
