TN:
SF:commands\InsertCommand.js
FN:2,(anonymous_0)
FNF:1
FNH:1
FNDA:2,(anonymous_0)
DA:1,1
DA:3,2
DA:4,2
LF:3
LH:3
BRF:0
BRH:0
end_of_record
TN:
SF:parsers\insert.js
FN:11,parseInsertCommand
FN:22,(anonymous_1)
FNF:2
FNH:2
FNDA:6,parseInsertCommand
FNDA:3,(anonymous_1)
DA:1,1
DA:5,1
DA:6,1
DA:7,1
DA:12,6
DA:14,6
DA:15,3
DA:16,3
DA:17,3
DA:18,2
DA:22,1
DA:23,3
DA:24,3
DA:26,1
DA:30,1
LF:15
LH:15
BRDA:14,0,0,3
BRDA:14,0,1,3
BRDA:17,1,0,1
BRDA:17,1,1,2
BRDA:17,2,0,3
BRDA:17,2,1,2
BRF:6
BRH:6
end_of_record
